# JRE version: OpenJDK Runtime Environment (8.0_202-b03) (build 1.8.0_202-release-1483-b03)
# Java VM: OpenJDK 64-Bit Server VM (25.202-b03 mixed mode windows-amd64 compressed oops)
Heap:
 PSYoungGen      total 195584K, used 169412K [0x00000000e0000000, 0x00000000efb00000, 0x0000000100000000)
  eden space 181760K, 93% used [0x00000000e0000000,0x00000000ea571370,0x00000000eb180000)
  from space 13824K, 0% used [0x00000000ebf00000,0x00000000ebf00000,0x00000000ecc80000)
  to   space 13824K, 0% used [0x00000000eb180000,0x00000000eb180000,0x00000000ebf00000)
 ParOldGen       total 78848K, used 15554K [0x00000000a0000000, 0x00000000a4d00000, 0x00000000e0000000)
  object space 78848K, 19% used [0x00000000a0000000,0x00000000a0f30b98,0x00000000a4d00000)
 Metaspace       used 50654K, capacity 51990K, committed 52224K, reserved 1093632K
  class space    used 6831K, capacity 7129K, committed 7168K, reserved 1048576K
GC Heap History (10 events):
Event: 46.180 GC heap before
{Heap before GC invocations=6 (full 1):
 PSYoungGen      total 71680K, used 5108K [0x00000000e0000000, 0x00000000e9900000, 0x0000000100000000)
  eden space 66560K, 0% used [0x00000000e0000000,0x00000000e0000000,0x00000000e4100000)
  from space 5120K, 99% used [0x00000000e4100000,0x00000000e45fd040,0x00000000e4600000)
  to   space 11776K, 0% used [0x00000000e8d80000,0x00000000e8d80000,0x00000000e9900000)
 ParOldGen       total 87552K, used 10610K [0x00000000a0000000, 0x00000000a5580000, 0x00000000e0000000)
  object space 87552K, 12% used [0x00000000a0000000,0x00000000a0a5c8b8,0x00000000a5580000)
 Metaspace       used 20693K, capacity 21176K, committed 21296K, reserved 1067008K
  class space    used 2918K, capacity 3125K, committed 3200K, reserved 1048576K
Event: 46.402 GC heap after
Heap after GC invocations=6 (full 1):
 PSYoungGen      total 71680K, used 0K [0x00000000e0000000, 0x00000000e9900000, 0x0000000100000000)
  eden space 66560K, 0% used [0x00000000e0000000,0x00000000e0000000,0x00000000e4100000)
  from space 5120K, 0% used [0x00000000e4100000,0x00000000e4100000,0x00000000e4600000)
  to   space 11776K, 0% used [0x00000000e8d80000,0x00000000e8d80000,0x00000000e9900000)
 ParOldGen       total 59904K, used 10789K [0x00000000a0000000, 0x00000000a3a80000, 0x00000000e0000000)
  object space 59904K, 18% used [0x00000000a0000000,0x00000000a0a89478,0x00000000a3a80000)
 Metaspace       used 20693K, capacity 21176K, committed 21296K, reserved 1067008K
  class space    used 2918K, capacity 3125K, committed 3200K, reserved 1048576K
}
Event: 49.179 GC heap before
{Heap before GC invocations=7 (full 1):
 PSYoungGen      total 71680K, used 66560K [0x00000000e0000000, 0x00000000e9900000, 0x0000000100000000)
  eden space 66560K, 100% used [0x00000000e0000000,0x00000000e4100000,0x00000000e4100000)
  from space 5120K, 0% used [0x00000000e4100000,0x00000000e4100000,0x00000000e4600000)
  to   space 11776K, 0% used [0x00000000e8d80000,0x00000000e8d80000,0x00000000e9900000)
 ParOldGen       total 59904K, used 10789K [0x00000000a0000000, 0x00000000a3a80000, 0x00000000e0000000)
  object space 59904K, 18% used [0x00000000a0000000,0x00000000a0a89478,0x00000000a3a80000)
 Metaspace       used 27944K, capacity 28422K, committed 28672K, reserved 1073152K
  class space    used 3827K, capacity 4000K, committed 4096K, reserved 1048576K
Event: 49.189 GC heap after
Heap after GC invocations=7 (full 1):
 PSYoungGen      total 118784K, used 7409K [0x00000000e0000000, 0x00000000e9500000, 0x0000000100000000)
  eden space 111104K, 0% used [0x00000000e0000000,0x00000000e0000000,0x00000000e6c80000)
  from space 7680K, 96% used [0x00000000e8d80000,0x00000000e94bc6c8,0x00000000e9500000)
  to   space 11264K, 0% used [0x00000000e7f00000,0x00000000e7f00000,0x00000000e8a00000)
 ParOldGen       total 59904K, used 10797K [0x00000000a0000000, 0x00000000a3a80000, 0x00000000e0000000)
  object space 59904K, 18% used [0x00000000a0000000,0x00000000a0a8b478,0x00000000a3a80000)
 Metaspace       used 27944K, capacity 28422K, committed 28672K, reserved 1073152K
  class space    used 3827K, capacity 4000K, committed 4096K, reserved 1048576K
}
Event: 53.973 GC heap before
{Heap before GC invocations=8 (full 1):
 PSYoungGen      total 118784K, used 118513K [0x00000000e0000000, 0x00000000e9500000, 0x0000000100000000)
  eden space 111104K, 100% used [0x00000000e0000000,0x00000000e6c80000,0x00000000e6c80000)
  from space 7680K, 96% used [0x00000000e8d80000,0x00000000e94bc6c8,0x00000000e9500000)
  to   space 11264K, 0% used [0x00000000e7f00000,0x00000000e7f00000,0x00000000e8a00000)
 ParOldGen       total 59904K, used 10797K [0x00000000a0000000, 0x00000000a3a80000, 0x00000000e0000000)
  object space 59904K, 18% used [0x00000000a0000000,0x00000000a0a8b478,0x00000000a3a80000)
 Metaspace       used 34176K, capacity 35152K, committed 35456K, reserved 1079296K
  class space    used 4711K, capacity 4910K, committed 4992K, reserved 1048576K
Event: 53.995 GC heap after
Heap after GC invocations=8 (full 1):
 PSYoungGen      total 141312K, used 11241K [0x00000000e0000000, 0x00000000ecc80000, 0x0000000100000000)
  eden space 130048K, 0% used [0x00000000e0000000,0x00000000e0000000,0x00000000e7f00000)
  from space 11264K, 99% used [0x00000000e7f00000,0x00000000e89fa6e8,0x00000000e8a00000)
  to   space 13824K, 0% used [0x00000000ebf00000,0x00000000ebf00000,0x00000000ecc80000)
 ParOldGen       total 59904K, used 12726K [0x00000000a0000000, 0x00000000a3a80000, 0x00000000e0000000)
  object space 59904K, 21% used [0x00000000a0000000,0x00000000a0c6daa8,0x00000000a3a80000)
 Metaspace       used 34176K, capacity 35152K, committed 35456K, reserved 1079296K
  class space    used 4711K, capacity 4910K, committed 4992K, reserved 1048576K
}
Event: 54.392 GC heap before
{Heap before GC invocations=9 (full 1):
 PSYoungGen      total 141312K, used 17104K [0x00000000e0000000, 0x00000000ecc80000, 0x0000000100000000)
  eden space 130048K, 4% used [0x00000000e0000000,0x00000000e05b9bb0,0x00000000e7f00000)
  from space 11264K, 99% used [0x00000000e7f00000,0x00000000e89fa6e8,0x00000000e8a00000)
  to   space 13824K, 0% used [0x00000000ebf00000,0x00000000ebf00000,0x00000000ecc80000)
 ParOldGen       total 59904K, used 12726K [0x00000000a0000000, 0x00000000a3a80000, 0x00000000e0000000)
  object space 59904K, 21% used [0x00000000a0000000,0x00000000a0c6daa8,0x00000000a3a80000)
 Metaspace       used 34437K, capacity 35438K, committed 35456K, reserved 1079296K
  class space    used 4763K, capacity 4983K, committed 4992K, reserved 1048576K
Event: 54.407 GC heap after
Heap after GC invocations=9 (full 1):
 PSYoungGen      total 195584K, used 8496K [0x00000000e0000000, 0x00000000efb00000, 0x0000000100000000)
  eden space 181760K, 0% used [0x00000000e0000000,0x00000000e0000000,0x00000000eb180000)
  from space 13824K, 61% used [0x00000000ebf00000,0x00000000ec74c010,0x00000000ecc80000)
  to   space 13824K, 0% used [0x00000000eb180000,0x00000000eb180000,0x00000000ebf00000)
 ParOldGen       total 59904K, used 12726K [0x00000000a0000000, 0x00000000a3a80000, 0x00000000e0000000)
  object space 59904K, 21% used [0x00000000a0000000,0x00000000a0c6daa8,0x00000000a3a80000)
 Metaspace       used 34437K, capacity 35438K, committed 35456K, reserved 1079296K
  class space    used 4763K, capacity 4983K, committed 4992K, reserved 1048576K
}
Event: 54.407 GC heap before
{Heap before GC invocations=10 (full 2):
 PSYoungGen      total 195584K, used 8496K [0x00000000e0000000, 0x00000000efb00000, 0x0000000100000000)
  eden space 181760K, 0% used [0x00000000e0000000,0x00000000e0000000,0x00000000eb180000)
  from space 13824K, 61% used [0x00000000ebf00000,0x00000000ec74c010,0x00000000ecc80000)
  to   space 13824K, 0% used [0x00000000eb180000,0x00000000eb180000,0x00000000ebf00000)
 ParOldGen       total 59904K, used 12726K [0x00000000a0000000, 0x00000000a3a80000, 0x00000000e0000000)
  object space 59904K, 21% used [0x00000000a0000000,0x00000000a0c6daa8,0x00000000a3a80000)
 Metaspace       used 34437K, capacity 35438K, committed 35456K, reserved 1079296K
  class space    used 4763K, capacity 4983K, committed 4992K, reserved 1048576K
Event: 54.493 GC heap after
Heap after GC invocations=10 (full 2):
 PSYoungGen      total 195584K, used 0K [0x00000000e0000000, 0x00000000efb00000, 0x0000000100000000)
  eden space 181760K, 0% used [0x00000000e0000000,0x00000000e0000000,0x00000000eb180000)
  from space 13824K, 0% used [0x00000000ebf00000,0x00000000ebf00000,0x00000000ecc80000)
  to   space 13824K, 0% used [0x00000000eb180000,0x00000000eb180000,0x00000000ebf00000)
 ParOldGen       total 78848K, used 15554K [0x00000000a0000000, 0x00000000a4d00000, 0x00000000e0000000)
  object space 78848K, 19% used [0x00000000a0000000,0x00000000a0f30b98,0x00000000a4d00000)
 Metaspace       used 34400K, capacity 35312K, committed 35456K, reserved 1079296K
  class space    used 4752K, capacity 4962K, committed 4992K, reserved 1048576K
}

