# JRE version: OpenJDK Runtime Environment (8.0_202-b03) (build 1.8.0_202-release-1483-b03)
# Java VM: OpenJDK 64-Bit Server VM (25.202-b03 mixed mode windows-amd64 compressed oops)
Heap:
 PSYoungGen      total 93696K, used 49637K [0x00000000e0000000, 0x00000000e8700000, 0x0000000100000000)
  eden space 81920K, 46% used [0x00000000e0000000,0x00000000e24fef78,0x00000000e5000000)
  from space 11776K, 99% used [0x00000000e5000000,0x00000000e5b7a820,0x00000000e5b80000)
  to   space 13824K, 0% used [0x00000000e7980000,0x00000000e7980000,0x00000000e8700000)
 ParOldGen       total 88576K, used 19946K [0x00000000a0000000, 0x00000000a5680000, 0x00000000e0000000)
  object space 88576K, 22% used [0x00000000a0000000,0x00000000a137a8b0,0x00000000a5680000)
 Metaspace       used 51566K, capacity 52814K, committed 52952K, reserved 1095680K
  class space    used 6983K, capacity 7370K, committed 7424K, reserved 1048576K
GC Heap History (10 events):
Event: 10.338 GC heap before
{Heap before GC invocations=11 (full 1):
 PSYoungGen      total 58880K, used 56479K [0x00000000e0000000, 0x00000000e5380000, 0x0000000100000000)
  eden space 49152K, 100% used [0x00000000e0000000,0x00000000e3000000,0x00000000e3000000)
  from space 9728K, 75% used [0x00000000e3000000,0x00000000e3727c90,0x00000000e3980000)
  to   space 9728K, 0% used [0x00000000e4a00000,0x00000000e4a00000,0x00000000e5380000)
 ParOldGen       total 60416K, used 8172K [0x00000000a0000000, 0x00000000a3b00000, 0x00000000e0000000)
  object space 60416K, 13% used [0x00000000a0000000,0x00000000a07fb2c0,0x00000000a3b00000)
 Metaspace       used 33767K, capacity 34376K, committed 34560K, reserved 1079296K
  class space    used 4655K, capacity 4835K, committed 4864K, reserved 1048576K
Event: 10.347 GC heap after
Heap after GC invocations=11 (full 1):
 PSYoungGen      total 74752K, used 6578K [0x00000000e0000000, 0x00000000e5300000, 0x0000000100000000)
  eden space 65536K, 0% used [0x00000000e0000000,0x00000000e0000000,0x00000000e4000000)
  from space 9216K, 71% used [0x00000000e4a00000,0x00000000e506cb40,0x00000000e5300000)
  to   space 9728K, 0% used [0x00000000e4000000,0x00000000e4000000,0x00000000e4980000)
 ParOldGen       total 60416K, used 10592K [0x00000000a0000000, 0x00000000a3b00000, 0x00000000e0000000)
  object space 60416K, 17% used [0x00000000a0000000,0x00000000a0a582e0,0x00000000a3b00000)
 Metaspace       used 33767K, capacity 34376K, committed 34560K, reserved 1079296K
  class space    used 4655K, capacity 4835K, committed 4864K, reserved 1048576K
}
Event: 46.501 GC heap before
{Heap before GC invocations=12 (full 1):
 PSYoungGen      total 74752K, used 26971K [0x00000000e0000000, 0x00000000e5300000, 0x0000000100000000)
  eden space 65536K, 31% used [0x00000000e0000000,0x00000000e13ea280,0x00000000e4000000)
  from space 9216K, 71% used [0x00000000e4a00000,0x00000000e506cb40,0x00000000e5300000)
  to   space 9728K, 0% used [0x00000000e4000000,0x00000000e4000000,0x00000000e4980000)
 ParOldGen       total 60416K, used 10592K [0x00000000a0000000, 0x00000000a3b00000, 0x00000000e0000000)
  object space 60416K, 17% used [0x00000000a0000000,0x00000000a0a582e0,0x00000000a3b00000)
 Metaspace       used 34682K, capacity 35368K, committed 35416K, reserved 1079296K
  class space    used 4764K, capacity 4953K, committed 4992K, reserved 1048576K
Event: 46.506 GC heap after
Heap after GC invocations=12 (full 1):
 PSYoungGen      total 75264K, used 4313K [0x00000000e0000000, 0x00000000e6500000, 0x0000000100000000)
  eden space 65536K, 0% used [0x00000000e0000000,0x00000000e0000000,0x00000000e4000000)
  from space 9728K, 44% used [0x00000000e4000000,0x00000000e4436720,0x00000000e4980000)
  to   space 9728K, 0% used [0x00000000e5b80000,0x00000000e5b80000,0x00000000e6500000)
 ParOldGen       total 60416K, used 13014K [0x00000000a0000000, 0x00000000a3b00000, 0x00000000e0000000)
  object space 60416K, 21% used [0x00000000a0000000,0x00000000a0cb5a30,0x00000000a3b00000)
 Metaspace       used 34682K, capacity 35368K, committed 35416K, reserved 1079296K
  class space    used 4764K, capacity 4953K, committed 4992K, reserved 1048576K
}
Event: 46.506 GC heap before
{Heap before GC invocations=13 (full 2):
 PSYoungGen      total 75264K, used 4313K [0x00000000e0000000, 0x00000000e6500000, 0x0000000100000000)
  eden space 65536K, 0% used [0x00000000e0000000,0x00000000e0000000,0x00000000e4000000)
  from space 9728K, 44% used [0x00000000e4000000,0x00000000e4436720,0x00000000e4980000)
  to   space 9728K, 0% used [0x00000000e5b80000,0x00000000e5b80000,0x00000000e6500000)
 ParOldGen       total 60416K, used 13014K [0x00000000a0000000, 0x00000000a3b00000, 0x00000000e0000000)
  object space 60416K, 21% used [0x00000000a0000000,0x00000000a0cb5a30,0x00000000a3b00000)
 Metaspace       used 34682K, capacity 35368K, committed 35416K, reserved 1079296K
  class space    used 4764K, capacity 4953K, committed 4992K, reserved 1048576K
Event: 46.591 GC heap after
Heap after GC invocations=13 (full 2):
 PSYoungGen      total 75264K, used 0K [0x00000000e0000000, 0x00000000e6500000, 0x0000000100000000)
  eden space 65536K, 0% used [0x00000000e0000000,0x00000000e0000000,0x00000000e4000000)
  from space 9728K, 0% used [0x00000000e4000000,0x00000000e4000000,0x00000000e4980000)
  to   space 9728K, 0% used [0x00000000e5b80000,0x00000000e5b80000,0x00000000e6500000)
 ParOldGen       total 88576K, used 15772K [0x00000000a0000000, 0x00000000a5680000, 0x00000000e0000000)
  object space 88576K, 17% used [0x00000000a0000000,0x00000000a0f672c0,0x00000000a5680000)
 Metaspace       used 34646K, capacity 35248K, committed 35416K, reserved 1079296K
  class space    used 4753K, capacity 4933K, committed 4992K, reserved 1048576K
}
Event: 49.159 GC heap before
{Heap before GC invocations=14 (full 2):
 PSYoungGen      total 75264K, used 65536K [0x00000000e0000000, 0x00000000e6500000, 0x0000000100000000)
  eden space 65536K, 100% used [0x00000000e0000000,0x00000000e4000000,0x00000000e4000000)
  from space 9728K, 0% used [0x00000000e4000000,0x00000000e4000000,0x00000000e4980000)
  to   space 9728K, 0% used [0x00000000e5b80000,0x00000000e5b80000,0x00000000e6500000)
 ParOldGen       total 88576K, used 15772K [0x00000000a0000000, 0x00000000a5680000, 0x00000000e0000000)
  object space 88576K, 17% used [0x00000000a0000000,0x00000000a0f672c0,0x00000000a5680000)
 Metaspace       used 42243K, capacity 43110K, committed 43352K, reserved 1087488K
  class space    used 5705K, capacity 5937K, committed 6016K, reserved 1048576K
Event: 49.177 GC heap after
Heap after GC invocations=14 (full 2):
 PSYoungGen      total 91648K, used 9706K [0x00000000e0000000, 0x00000000e6d80000, 0x0000000100000000)
  eden space 81920K, 0% used [0x00000000e0000000,0x00000000e0000000,0x00000000e5000000)
  from space 9728K, 99% used [0x00000000e5b80000,0x00000000e64fa9a0,0x00000000e6500000)
  to   space 11776K, 0% used [0x00000000e5000000,0x00000000e5000000,0x00000000e5b80000)
 ParOldGen       total 88576K, used 17902K [0x00000000a0000000, 0x00000000a5680000, 0x00000000e0000000)
  object space 88576K, 20% used [0x00000000a0000000,0x00000000a117b878,0x00000000a5680000)
 Metaspace       used 42243K, capacity 43110K, committed 43352K, reserved 1087488K
  class space    used 5705K, capacity 5937K, committed 6016K, reserved 1048576K
}
Event: 52.542 GC heap before
{Heap before GC invocations=15 (full 2):
 PSYoungGen      total 91648K, used 91626K [0x00000000e0000000, 0x00000000e6d80000, 0x0000000100000000)
  eden space 81920K, 100% used [0x00000000e0000000,0x00000000e5000000,0x00000000e5000000)
  from space 9728K, 99% used [0x00000000e5b80000,0x00000000e64fa9a0,0x00000000e6500000)
  to   space 11776K, 0% used [0x00000000e5000000,0x00000000e5000000,0x00000000e5b80000)
 ParOldGen       total 88576K, used 17902K [0x00000000a0000000, 0x00000000a5680000, 0x00000000e0000000)
  object space 88576K, 20% used [0x00000000a0000000,0x00000000a117b878,0x00000000a5680000)
 Metaspace       used 48720K, capacity 49892K, committed 50136K, reserved 1093632K
  class space    used 6575K, capacity 6885K, committed 6912K, reserved 1048576K
Event: 52.564 GC heap after
Heap after GC invocations=15 (full 2):
 PSYoungGen      total 93696K, used 11754K [0x00000000e0000000, 0x00000000e8700000, 0x0000000100000000)
  eden space 81920K, 0% used [0x00000000e0000000,0x00000000e0000000,0x00000000e5000000)
  from space 11776K, 99% used [0x00000000e5000000,0x00000000e5b7a820,0x00000000e5b80000)
  to   space 13824K, 0% used [0x00000000e7980000,0x00000000e7980000,0x00000000e8700000)
 ParOldGen       total 88576K, used 19946K [0x00000000a0000000, 0x00000000a5680000, 0x00000000e0000000)
  object space 88576K, 22% used [0x00000000a0000000,0x00000000a137a8b0,0x00000000a5680000)
 Metaspace       used 48720K, capacity 49892K, committed 50136K, reserved 1093632K
  class space    used 6575K, capacity 6885K, committed 6912K, reserved 1048576K
}

